[debug] [2020-09-26T20:05:52.413Z] ----------------------------------------------------------------------
[debug] [2020-09-26T20:05:52.416Z] Command:       /usr/local/bin/node /usr/local/bin/firebase emulators:start
[debug] [2020-09-26T20:05:52.416Z] CLI Version:   8.10.0
[debug] [2020-09-26T20:05:52.416Z] Platform:      darwin
[debug] [2020-09-26T20:05:52.416Z] Node Version:  v12.18.3
[debug] [2020-09-26T20:05:52.418Z] Time:          Sat Sep 26 2020 16:05:52 GMT-0400 (Eastern Daylight Time)
[debug] [2020-09-26T20:05:52.418Z] ----------------------------------------------------------------------
[debug] [2020-09-26T20:05:52.418Z] 
[debug] [2020-09-26T20:05:52.427Z] > command requires scopes: ["email","openid","https://www.googleapis.com/auth/cloudplatformprojects.readonly","https://www.googleapis.com/auth/firebase","https://www.googleapis.com/auth/cloud-platform"]
[debug] [2020-09-26T20:05:52.428Z] > authorizing via signed-in user
[info] i  emulators: Starting emulators: functions, hosting {"metadata":{"emulator":{"name":"hub"},"message":"Starting emulators: functions, hosting"}}
[debug] [2020-09-26T20:05:52.456Z] [hub] writing locator at /var/folders/s0/ts7hdhxx02zcltd54hn9kftc0000gn/T/hub-craterd-cd6c8.json
[warn] ⚠  functions: The following emulators are not running, calls to these services from the Functions emulator will affect production: firestore, database, pubsub {"metadata":{"emulator":{"name":"functions"},"message":"The following emulators are not running, calls to these services from the Functions emulator will affect production: \u001b[1mfirestore, database, pubsub\u001b[22m"}}
[warn] ⚠  Your requested "node" version "10" doesn't match your global version "12" {"metadata":{"emulator":{"name":"functions"},"message":"Your requested \"node\" version \"10\" doesn't match your global version \"12\""}}
[debug] [2020-09-26T20:05:52.501Z] defaultcredentials: writing to file /Users/josemiralles/.config/firebase/josemiralles1991_gmail_com_application_default_credentials.json
[debug] [2020-09-26T20:05:52.505Z] Setting GAC to /Users/josemiralles/.config/firebase/josemiralles1991_gmail_com_application_default_credentials.json {"metadata":{"emulator":{"name":"functions"},"message":"Setting GAC to /Users/josemiralles/.config/firebase/josemiralles1991_gmail_com_application_default_credentials.json"}}
[debug] [2020-09-26T20:05:52.522Z] > refreshing access token with scopes: ["email","https://www.googleapis.com/auth/cloud-platform","https://www.googleapis.com/auth/cloudplatformprojects.readonly","https://www.googleapis.com/auth/firebase","openid"]
[debug] [2020-09-26T20:05:52.523Z] >>> HTTP REQUEST POST https://www.googleapis.com/oauth2/v3/token  
 <request body omitted>
[debug] [2020-09-26T20:05:52.656Z] <<< HTTP RESPONSE 200 {"content-type":"application/json; charset=utf-8","vary":"X-Origin, Referer, Origin,Accept-Encoding","date":"Sat, 26 Sep 2020 20:05:52 GMT","server":"scaffolding on HTTPServer2","cache-control":"private","x-xss-protection":"0","x-frame-options":"SAMEORIGIN","x-content-type-options":"nosniff","alt-svc":"h3-Q050=\":443\"; ma=2592000,h3-29=\":443\"; ma=2592000,h3-27=\":443\"; ma=2592000,h3-T051=\":443\"; ma=2592000,h3-T050=\":443\"; ma=2592000,h3-Q046=\":443\"; ma=2592000,h3-Q043=\":443\"; ma=2592000,quic=\":443\"; ma=2592000; v=\"46,43\"","accept-ranges":"none","transfer-encoding":"chunked"}
[debug] [2020-09-26T20:05:52.669Z] >>> HTTP REQUEST GET https://firebase.googleapis.com/v1beta1/projects/craterd-cd6c8/webApps/-/config  
 
[debug] [2020-09-26T20:05:53.189Z] <<< HTTP RESPONSE 200 {"content-type":"application/json; charset=UTF-8","vary":"X-Origin, Referer, Origin,Accept-Encoding","date":"Sat, 26 Sep 2020 20:05:53 GMT","server":"ESF","cache-control":"private","x-xss-protection":"0","x-frame-options":"SAMEORIGIN","x-content-type-options":"nosniff","alt-svc":"h3-Q050=\":443\"; ma=2592000,h3-29=\":443\"; ma=2592000,h3-27=\":443\"; ma=2592000,h3-T051=\":443\"; ma=2592000,h3-T050=\":443\"; ma=2592000,h3-Q046=\":443\"; ma=2592000,h3-Q043=\":443\"; ma=2592000,quic=\":443\"; ma=2592000; v=\"46,43\"","accept-ranges":"none","transfer-encoding":"chunked"}
[info] i  hosting: Serving hosting files from: build {"metadata":{"emulator":{"name":"hosting"},"message":"Serving hosting files from: \u001b[1mbuild\u001b[22m"}}
[info] ✔  hosting: Local server: http://localhost:5000 {"metadata":{"emulator":{"name":"hosting"},"message":"Local server: \u001b[4m\u001b[1mhttp://localhost:5000\u001b[22m\u001b[24m"}}
[debug] [2020-09-26T20:05:53.234Z] Ignoring unsupported arg: auto_download {"metadata":{"emulator":{"name":"ui"},"message":"Ignoring unsupported arg: auto_download"}}
[debug] [2020-09-26T20:05:53.235Z] Ignoring unsupported arg: port {"metadata":{"emulator":{"name":"ui"},"message":"Ignoring unsupported arg: port"}}
[debug] [2020-09-26T20:05:53.235Z] Starting Emulator UI with command {"binary":"node","args":["/Users/josemiralles/.cache/firebase/emulators/ui-v1.1.1/server.bundle.js"],"optionalArgs":[],"joinArgs":false} {"metadata":{"emulator":{"name":"ui"},"message":"Starting Emulator UI with command {\"binary\":\"node\",\"args\":[\"/Users/josemiralles/.cache/firebase/emulators/ui-v1.1.1/server.bundle.js\"],\"optionalArgs\":[],\"joinArgs\":false}"}}
[info] i  ui: Emulator UI logging to ui-debug.log {"metadata":{"emulator":{"name":"ui"},"message":"Emulator UI logging to \u001b[1mui-debug.log\u001b[22m"}}
[debug] [2020-09-26T20:05:53.365Z] Web / API server started at http://localhost:4000
 {"metadata":{"emulator":{"name":"ui"},"message":"Web / API server started at http://localhost:4000\n"}}
[info] i  functions: Watching "/Users/josemiralles/Documents/GitHub/craterd/functions" for Cloud Functions... {"metadata":{"emulator":{"name":"functions"},"message":"Watching \"/Users/josemiralles/Documents/GitHub/craterd/functions\" for Cloud Functions..."}}
[debug] [2020-09-26T20:05:53.513Z] [worker-pool] addWorker(~diagnostic~) {"metadata":{"emulator":{"name":"functions"},"message":"[worker-pool] addWorker(~diagnostic~)"}}
[debug] [2020-09-26T20:05:53.514Z] [worker-pool] Adding worker with key ~diagnostic~, total=1 {"metadata":{"emulator":{"name":"functions"},"message":"[worker-pool] Adding worker with key ~diagnostic~, total=1"}}
[debug] [2020-09-26T20:05:53.514Z] [worker-pool] submitWork(triggerId=) {"metadata":{"emulator":{"name":"functions"},"message":"[worker-pool] submitWork(triggerId=)"}}
[debug] [2020-09-26T20:05:53.514Z] [worker-~diagnostic~-6377cbbd-c8cd-47f7-9c41-630b3c90578f]: Assigning socketPath: /var/folders/s0/ts7hdhxx02zcltd54hn9kftc0000gn/T/fire_emu_76762.sock {"metadata":{"emulator":{"name":"functions"},"message":"[worker-~diagnostic~-6377cbbd-c8cd-47f7-9c41-630b3c90578f]: Assigning socketPath: /var/folders/s0/ts7hdhxx02zcltd54hn9kftc0000gn/T/fire_emu_76762.sock"}}
[debug] [2020-09-26T20:05:53.515Z] [worker-~diagnostic~-6377cbbd-c8cd-47f7-9c41-630b3c90578f]: BUSY {"metadata":{"emulator":{"name":"functions"},"message":"[worker-~diagnostic~-6377cbbd-c8cd-47f7-9c41-630b3c90578f]: BUSY"}}
[debug] [2020-09-26T20:05:53.917Z] [runtime-status] [76762] Functions runtime initialized. {"cwd":"/Users/josemiralles/Documents/GitHub/craterd/functions","node_version":"12.18.3"} {"metadata":{"emulator":{"name":"functions"},"message":"[runtime-status] [76762] Functions runtime initialized. {\"cwd\":\"/Users/josemiralles/Documents/GitHub/craterd/functions\",\"node_version\":\"12.18.3\"}"}}
[debug] [2020-09-26T20:05:53.920Z] [runtime-status] [76762] Disabled runtime features: undefined {"metadata":{"emulator":{"name":"functions"},"message":"[runtime-status] [76762] Disabled runtime features: undefined"}}
[debug] [2020-09-26T20:05:53.930Z] [runtime-status] [76762] Resolved module firebase-admin {"declared":true,"installed":true,"version":"8.13.0","resolution":"/Users/josemiralles/Documents/GitHub/craterd/functions/node_modules/firebase-admin/lib/index.js"} {"metadata":{"emulator":{"name":"functions"},"message":"[runtime-status] [76762] Resolved module firebase-admin {\"declared\":true,\"installed\":true,\"version\":\"8.13.0\",\"resolution\":\"/Users/josemiralles/Documents/GitHub/craterd/functions/node_modules/firebase-admin/lib/index.js\"}"}}
[debug] [2020-09-26T20:05:53.934Z] [runtime-status] [76762] Resolved module firebase-functions {"declared":true,"installed":true,"version":"3.11.0","resolution":"/Users/josemiralles/Documents/GitHub/craterd/functions/node_modules/firebase-functions/lib/index.js"} {"metadata":{"emulator":{"name":"functions"},"message":"[runtime-status] [76762] Resolved module firebase-functions {\"declared\":true,\"installed\":true,\"version\":\"3.11.0\",\"resolution\":\"/Users/josemiralles/Documents/GitHub/craterd/functions/node_modules/firebase-functions/lib/index.js\"}"}}
[debug] [2020-09-26T20:05:53.935Z] [runtime-status] [76762] Resolved module firebase-functions {"declared":true,"installed":true,"version":"3.11.0","resolution":"/Users/josemiralles/Documents/GitHub/craterd/functions/node_modules/firebase-functions/lib/index.js"} {"metadata":{"emulator":{"name":"functions"},"message":"[runtime-status] [76762] Resolved module firebase-functions {\"declared\":true,\"installed\":true,\"version\":\"3.11.0\",\"resolution\":\"/Users/josemiralles/Documents/GitHub/craterd/functions/node_modules/firebase-functions/lib/index.js\"}"}}
[debug] [2020-09-26T20:05:53.937Z] [runtime-status] [76762] Outgoing network have been stubbed. [{"name":"http","status":"mocked"},{"name":"http","status":"mocked"},{"name":"https","status":"mocked"},{"name":"https","status":"mocked"},{"name":"net","status":"mocked"}] {"metadata":{"emulator":{"name":"functions"},"message":"[runtime-status] [76762] Outgoing network have been stubbed. [{\"name\":\"http\",\"status\":\"mocked\"},{\"name\":\"http\",\"status\":\"mocked\"},{\"name\":\"https\",\"status\":\"mocked\"},{\"name\":\"https\",\"status\":\"mocked\"},{\"name\":\"net\",\"status\":\"mocked\"}]"}}
[debug] [2020-09-26T20:05:53.939Z] [runtime-status] [76762] Resolved module firebase-functions {"declared":true,"installed":true,"version":"3.11.0","resolution":"/Users/josemiralles/Documents/GitHub/craterd/functions/node_modules/firebase-functions/lib/index.js"} {"metadata":{"emulator":{"name":"functions"},"message":"[runtime-status] [76762] Resolved module firebase-functions {\"declared\":true,\"installed\":true,\"version\":\"3.11.0\",\"resolution\":\"/Users/josemiralles/Documents/GitHub/craterd/functions/node_modules/firebase-functions/lib/index.js\"}"}}
[debug] [2020-09-26T20:05:54.001Z] [runtime-status] [76762] Checked functions.config() {"config":{}} {"metadata":{"emulator":{"name":"functions"},"message":"[runtime-status] [76762] Checked functions.config() {\"config\":{}}"}}
[debug] [2020-09-26T20:05:54.002Z] [runtime-status] [76762] firebase-functions has been stubbed. {"functionsResolution":{"declared":true,"installed":true,"version":"3.11.0","resolution":"/Users/josemiralles/Documents/GitHub/craterd/functions/node_modules/firebase-functions/lib/index.js"}} {"metadata":{"emulator":{"name":"functions"},"message":"[runtime-status] [76762] firebase-functions has been stubbed. {\"functionsResolution\":{\"declared\":true,\"installed\":true,\"version\":\"3.11.0\",\"resolution\":\"/Users/josemiralles/Documents/GitHub/craterd/functions/node_modules/firebase-functions/lib/index.js\"}}"}}
[debug] [2020-09-26T20:05:54.003Z] [runtime-status] [76762] Resolved module firebase-functions {"declared":true,"installed":true,"version":"3.11.0","resolution":"/Users/josemiralles/Documents/GitHub/craterd/functions/node_modules/firebase-functions/lib/index.js"} {"metadata":{"emulator":{"name":"functions"},"message":"[runtime-status] [76762] Resolved module firebase-functions {\"declared\":true,\"installed\":true,\"version\":\"3.11.0\",\"resolution\":\"/Users/josemiralles/Documents/GitHub/craterd/functions/node_modules/firebase-functions/lib/index.js\"}"}}
[debug] [2020-09-26T20:05:54.004Z] [runtime-status] [76762] Resolved module firebase-admin {"declared":true,"installed":true,"version":"8.13.0","resolution":"/Users/josemiralles/Documents/GitHub/craterd/functions/node_modules/firebase-admin/lib/index.js"} {"metadata":{"emulator":{"name":"functions"},"message":"[runtime-status] [76762] Resolved module firebase-admin {\"declared\":true,\"installed\":true,\"version\":\"8.13.0\",\"resolution\":\"/Users/josemiralles/Documents/GitHub/craterd/functions/node_modules/firebase-admin/lib/index.js\"}"}}
[debug] [2020-09-26T20:05:54.005Z] [runtime-status] [76762] Resolved module firebase-functions {"declared":true,"installed":true,"version":"3.11.0","resolution":"/Users/josemiralles/Documents/GitHub/craterd/functions/node_modules/firebase-functions/lib/index.js"} {"metadata":{"emulator":{"name":"functions"},"message":"[runtime-status] [76762] Resolved module firebase-functions {\"declared\":true,\"installed\":true,\"version\":\"3.11.0\",\"resolution\":\"/Users/josemiralles/Documents/GitHub/craterd/functions/node_modules/firebase-functions/lib/index.js\"}"}}
[debug] [2020-09-26T20:05:54.006Z] [runtime-status] [76762] firebase-admin has been stubbed. {"adminResolution":{"declared":true,"installed":true,"version":"8.13.0","resolution":"/Users/josemiralles/Documents/GitHub/craterd/functions/node_modules/firebase-admin/lib/index.js"}} {"metadata":{"emulator":{"name":"functions"},"message":"[runtime-status] [76762] firebase-admin has been stubbed. {\"adminResolution\":{\"declared\":true,\"installed\":true,\"version\":\"8.13.0\",\"resolution\":\"/Users/josemiralles/Documents/GitHub/craterd/functions/node_modules/firebase-admin/lib/index.js\"}}"}}
[info] ✔  functions[api]: http function initialized (http://localhost:5001/craterd-cd6c8/us-central1/api). {"metadata":{"emulator":{"name":"functions"},"message":"\u001b[1mhttp\u001b[22m function initialized (http://localhost:5001/craterd-cd6c8/us-central1/api)."}}
[info] 
┌───────────────────────────────────────────────────────────────────────┐
│ ✔  All emulators ready! View status and logs at http://localhost:4000 │
└───────────────────────────────────────────────────────────────────────┘

┌───────────┬────────────────┬─────────────────────────────────┐
│ Emulator  │ Host:Port      │ View in Emulator UI             │
├───────────┼────────────────┼─────────────────────────────────┤
│ Functions │ localhost:5001 │ http://localhost:4000/functions │
├───────────┼────────────────┼─────────────────────────────────┤
│ Hosting   │ localhost:5000 │ n/a                             │
└───────────┴────────────────┴─────────────────────────────────┘
  Other reserved ports: 4400, 4500

Issues? Report them at https://github.com/firebase/firebase-tools/issues and attach the *-debug.log files.
 
[debug] [2020-09-26T20:05:54.263Z] [worker-~diagnostic~-6377cbbd-c8cd-47f7-9c41-630b3c90578f]: IDLE {"metadata":{"emulator":{"name":"functions"},"message":"[worker-~diagnostic~-6377cbbd-c8cd-47f7-9c41-630b3c90578f]: IDLE"}}
[debug] [2020-09-26T20:08:14.309Z] [work-queue] {"queueLength":1,"workRunningCount":0}
[debug] [2020-09-26T20:08:14.310Z] [work-queue] {"queueLength":0,"workRunningCount":1}
[debug] [2020-09-26T20:08:14.310Z] Accepted request POST /craterd-cd6c8/us-central1/api/payments/create?total=500099 --> api
[debug] [2020-09-26T20:08:14.328Z] [worker-pool] addWorker(api) {"metadata":{"emulator":{"name":"functions"},"message":"[worker-pool] addWorker(api)"}}
[debug] [2020-09-26T20:08:14.329Z] [worker-pool] Adding worker with key api, total=1 {"metadata":{"emulator":{"name":"functions"},"message":"[worker-pool] Adding worker with key api, total=1"}}
[debug] [2020-09-26T20:08:14.329Z] [worker-pool] submitWork(triggerId=api) {"metadata":{"emulator":{"name":"functions"},"message":"[worker-pool] submitWork(triggerId=api)"}}
[debug] [2020-09-26T20:08:14.329Z] [worker-api-2f014cd7-4b25-423b-b070-fc29825e39ca]: Assigning socketPath: /var/folders/s0/ts7hdhxx02zcltd54hn9kftc0000gn/T/fire_emu_76856.sock {"metadata":{"emulator":{"name":"functions"},"message":"[worker-api-2f014cd7-4b25-423b-b070-fc29825e39ca]: Assigning socketPath: /var/folders/s0/ts7hdhxx02zcltd54hn9kftc0000gn/T/fire_emu_76856.sock"}}
[debug] [2020-09-26T20:08:14.330Z] [worker-api-2f014cd7-4b25-423b-b070-fc29825e39ca]: BUSY {"metadata":{"emulator":{"name":"functions"},"message":"[worker-api-2f014cd7-4b25-423b-b070-fc29825e39ca]: BUSY"}}
[debug] [2020-09-26T20:08:16.050Z] [runtime-status] [76856] Functions runtime initialized. {"cwd":"/Users/josemiralles/Documents/GitHub/craterd/functions","node_version":"12.18.3"} {"metadata":{"emulator":{"name":"functions"},"function":{"name":"api"},"message":"[runtime-status] [76856] Functions runtime initialized. {\"cwd\":\"/Users/josemiralles/Documents/GitHub/craterd/functions\",\"node_version\":\"12.18.3\"}"}}
[debug] [2020-09-26T20:08:16.065Z] [runtime-status] [76856] Disabled runtime features: undefined {"metadata":{"emulator":{"name":"functions"},"function":{"name":"api"},"message":"[runtime-status] [76856] Disabled runtime features: undefined"}}
[debug] [2020-09-26T20:08:16.081Z] [runtime-status] [76856] Resolved module firebase-admin {"declared":true,"installed":true,"version":"8.13.0","resolution":"/Users/josemiralles/Documents/GitHub/craterd/functions/node_modules/firebase-admin/lib/index.js"} {"metadata":{"emulator":{"name":"functions"},"function":{"name":"api"},"message":"[runtime-status] [76856] Resolved module firebase-admin {\"declared\":true,\"installed\":true,\"version\":\"8.13.0\",\"resolution\":\"/Users/josemiralles/Documents/GitHub/craterd/functions/node_modules/firebase-admin/lib/index.js\"}"}}
[debug] [2020-09-26T20:08:16.082Z] [runtime-status] [76856] Resolved module firebase-functions {"declared":true,"installed":true,"version":"3.11.0","resolution":"/Users/josemiralles/Documents/GitHub/craterd/functions/node_modules/firebase-functions/lib/index.js"} {"metadata":{"emulator":{"name":"functions"},"function":{"name":"api"},"message":"[runtime-status] [76856] Resolved module firebase-functions {\"declared\":true,\"installed\":true,\"version\":\"3.11.0\",\"resolution\":\"/Users/josemiralles/Documents/GitHub/craterd/functions/node_modules/firebase-functions/lib/index.js\"}"}}
[debug] [2020-09-26T20:08:16.083Z] [runtime-status] [76856] Resolved module firebase-functions {"declared":true,"installed":true,"version":"3.11.0","resolution":"/Users/josemiralles/Documents/GitHub/craterd/functions/node_modules/firebase-functions/lib/index.js"} {"metadata":{"emulator":{"name":"functions"},"function":{"name":"api"},"message":"[runtime-status] [76856] Resolved module firebase-functions {\"declared\":true,\"installed\":true,\"version\":\"3.11.0\",\"resolution\":\"/Users/josemiralles/Documents/GitHub/craterd/functions/node_modules/firebase-functions/lib/index.js\"}"}}
[debug] [2020-09-26T20:08:16.094Z] [runtime-status] [76856] Outgoing network have been stubbed. [{"name":"http","status":"mocked"},{"name":"http","status":"mocked"},{"name":"https","status":"mocked"},{"name":"https","status":"mocked"},{"name":"net","status":"mocked"}] {"metadata":{"emulator":{"name":"functions"},"function":{"name":"api"},"message":"[runtime-status] [76856] Outgoing network have been stubbed. [{\"name\":\"http\",\"status\":\"mocked\"},{\"name\":\"http\",\"status\":\"mocked\"},{\"name\":\"https\",\"status\":\"mocked\"},{\"name\":\"https\",\"status\":\"mocked\"},{\"name\":\"net\",\"status\":\"mocked\"}]"}}
[debug] [2020-09-26T20:08:16.095Z] [runtime-status] [76856] Resolved module firebase-functions {"declared":true,"installed":true,"version":"3.11.0","resolution":"/Users/josemiralles/Documents/GitHub/craterd/functions/node_modules/firebase-functions/lib/index.js"} {"metadata":{"emulator":{"name":"functions"},"function":{"name":"api"},"message":"[runtime-status] [76856] Resolved module firebase-functions {\"declared\":true,\"installed\":true,\"version\":\"3.11.0\",\"resolution\":\"/Users/josemiralles/Documents/GitHub/craterd/functions/node_modules/firebase-functions/lib/index.js\"}"}}
[debug] [2020-09-26T20:08:16.200Z] [runtime-status] [76856] Checked functions.config() {"config":{}} {"metadata":{"emulator":{"name":"functions"},"function":{"name":"api"},"message":"[runtime-status] [76856] Checked functions.config() {\"config\":{}}"}}
[debug] [2020-09-26T20:08:16.201Z] [runtime-status] [76856] firebase-functions has been stubbed. {"functionsResolution":{"declared":true,"installed":true,"version":"3.11.0","resolution":"/Users/josemiralles/Documents/GitHub/craterd/functions/node_modules/firebase-functions/lib/index.js"}} {"metadata":{"emulator":{"name":"functions"},"function":{"name":"api"},"message":"[runtime-status] [76856] firebase-functions has been stubbed. {\"functionsResolution\":{\"declared\":true,\"installed\":true,\"version\":\"3.11.0\",\"resolution\":\"/Users/josemiralles/Documents/GitHub/craterd/functions/node_modules/firebase-functions/lib/index.js\"}}"}}
[debug] [2020-09-26T20:08:16.205Z] [runtime-status] [76856] Resolved module firebase-functions {"declared":true,"installed":true,"version":"3.11.0","resolution":"/Users/josemiralles/Documents/GitHub/craterd/functions/node_modules/firebase-functions/lib/index.js"} {"metadata":{"emulator":{"name":"functions"},"function":{"name":"api"},"message":"[runtime-status] [76856] Resolved module firebase-functions {\"declared\":true,\"installed\":true,\"version\":\"3.11.0\",\"resolution\":\"/Users/josemiralles/Documents/GitHub/craterd/functions/node_modules/firebase-functions/lib/index.js\"}"}}
[debug] [2020-09-26T20:08:16.211Z] [runtime-status] [76856] Resolved module firebase-admin {"declared":true,"installed":true,"version":"8.13.0","resolution":"/Users/josemiralles/Documents/GitHub/craterd/functions/node_modules/firebase-admin/lib/index.js"} {"metadata":{"emulator":{"name":"functions"},"function":{"name":"api"},"message":"[runtime-status] [76856] Resolved module firebase-admin {\"declared\":true,\"installed\":true,\"version\":\"8.13.0\",\"resolution\":\"/Users/josemiralles/Documents/GitHub/craterd/functions/node_modules/firebase-admin/lib/index.js\"}"}}
[debug] [2020-09-26T20:08:16.212Z] [runtime-status] [76856] Resolved module firebase-functions {"declared":true,"installed":true,"version":"3.11.0","resolution":"/Users/josemiralles/Documents/GitHub/craterd/functions/node_modules/firebase-functions/lib/index.js"} {"metadata":{"emulator":{"name":"functions"},"function":{"name":"api"},"message":"[runtime-status] [76856] Resolved module firebase-functions {\"declared\":true,\"installed\":true,\"version\":\"3.11.0\",\"resolution\":\"/Users/josemiralles/Documents/GitHub/craterd/functions/node_modules/firebase-functions/lib/index.js\"}"}}
[debug] [2020-09-26T20:08:16.213Z] [runtime-status] [76856] firebase-admin has been stubbed. {"adminResolution":{"declared":true,"installed":true,"version":"8.13.0","resolution":"/Users/josemiralles/Documents/GitHub/craterd/functions/node_modules/firebase-admin/lib/index.js"}} {"metadata":{"emulator":{"name":"functions"},"function":{"name":"api"},"message":"[runtime-status] [76856] firebase-admin has been stubbed. {\"adminResolution\":{\"declared\":true,\"installed\":true,\"version\":\"8.13.0\",\"resolution\":\"/Users/josemiralles/Documents/GitHub/craterd/functions/node_modules/firebase-admin/lib/index.js\"}}"}}
[debug] [2020-09-26T20:08:16.484Z] [runtime-status] [76856] Trigger "api" has been found, beginning invocation! {"metadata":{"emulator":{"name":"functions"},"function":{"name":"api"},"message":"[runtime-status] [76856] Trigger \"api\" has been found, beginning invocation!"}}
[info] i  functions: Beginning execution of "api" {"metadata":{"emulator":{"name":"functions"},"function":{"name":"api"},"message":"Beginning execution of \"api\""}}
[debug] [2020-09-26T20:08:16.486Z] [runtime-status] [76856] triggerDefinition {"httpsTrigger":{},"name":"api","entryPoint":"api"} {"metadata":{"emulator":{"name":"functions"},"function":{"name":"api"},"message":"[runtime-status] [76856] triggerDefinition {\"httpsTrigger\":{},\"name\":\"api\",\"entryPoint\":\"api\"}"}}
[debug] [2020-09-26T20:08:16.486Z] [runtime-status] [76856] Running api in mode HTTPS {"metadata":{"emulator":{"name":"functions"},"function":{"name":"api"},"message":"[runtime-status] [76856] Running api in mode HTTPS"}}
[debug] [2020-09-26T20:08:16.491Z] [runtime-status] [76856] Attempting to listen to socketPath: /var/folders/s0/ts7hdhxx02zcltd54hn9kftc0000gn/T/fire_emu_76856.sock {"metadata":{"emulator":{"name":"functions"},"function":{"name":"api"},"message":"[runtime-status] [76856] Attempting to listen to socketPath: /var/folders/s0/ts7hdhxx02zcltd54hn9kftc0000gn/T/fire_emu_76856.sock"}}
[debug] [2020-09-26T20:08:16.501Z] [functions] Runtime ready! Sending request! {"metadata":{"emulator":{"name":"functions"},"message":"[functions] Runtime ready! Sending request!"}}
[debug] [2020-09-26T20:08:16.520Z] [runtime-status] [76856] Ephemeral server handling POST request {"metadata":{"emulator":{"name":"functions"},"function":{"name":"api"},"message":"[runtime-status] [76856] Ephemeral server handling POST request"}}
[debug] [2020-09-26T20:08:16.570Z] [runtime-status] [76856] Ephemeral server survived. {"metadata":{"emulator":{"name":"functions"},"function":{"name":"api"},"message":"[runtime-status] [76856] Ephemeral server survived."}}
[info] i  functions: Finished "api" in ~1s {"metadata":{"emulator":{"name":"functions"},"function":{"name":"api"},"message":"Finished \"api\" in ~1s"}}
[debug] [2020-09-26T20:08:16.955Z] [worker-api-2f014cd7-4b25-423b-b070-fc29825e39ca]: IDLE {"metadata":{"emulator":{"name":"functions"},"message":"[worker-api-2f014cd7-4b25-423b-b070-fc29825e39ca]: IDLE"}}
[debug] [2020-09-26T20:08:16.956Z] [work-queue] {"queueLength":0,"workRunningCount":0}
